20:02:50 **** Incremental Build of configuration Debug for project labx3_4 ****
make -j28 all 
arm-none-eabi-gcc "../Core/Src/main.c" -mcpu=cortex-m33 -std=gnu11 -g3 -DDEBUG -DUSE_HAL_DRIVER -DSTM32WBA52xx -c -I../Core/Inc -I../Drivers/STM32WBAxx_HAL_Driver/Inc -I../Drivers/STM32WBAxx_HAL_Driver/Inc/Legacy -I../Drivers/CMSIS/Device/ST/STM32WBAxx/Include -I../Drivers/CMSIS/Include -O0 -ffunction-sections -fdata-sections -Wall -fstack-usage -fcyclomatic-complexity -MMD -MP -MF"Core/Src/main.d" -MT"Core/Src/main.o" --specs=nano.specs -mfpu=fpv5-sp-d16 -mfloat-abi=hard -mthumb -o "Core/Src/main.o"
arm-none-eabi-gcc -o "labx3_4.elf" @"objects.list"   -mcpu=cortex-m33 -T"C:\Users\barte\Desktop\lab3\labx3_4\STM32WBA52CGUX_FLASH.ld" --specs=nosys.specs -Wl,-Map="labx3_4.map" -Wl,--gc-sections -static --specs=nano.specs -mfpu=fpv5-sp-d16 -mfloat-abi=hard -mthumb -Wl,--start-group -lc -lm -Wl,--end-group
Finished building target: labx3_4.elf
 
arm-none-eabi-size  labx3_4.elf 
arm-none-eabi-objdump -h -S labx3_4.elf  > "labx3_4.list"
   text	   data	    bss	    dec	    hex	filename
  10576	     12	   1644	  12232	   2fc8	labx3_4.elf
Finished building: default.size.stdout
 
Finished building: labx3_4.list
 
20:03:27 **** Incremental Build of configuration Debug for project labx3_4 ****
make -j28 all 
arm-none-eabi-gcc "../Core/Src/main.c" -mcpu=cortex-m33 -std=gnu11 -g3 -DDEBUG -DUSE_HAL_DRIVER -DSTM32WBA52xx -c -I../Core/Inc -I../Drivers/STM32WBAxx_HAL_Driver/Inc -I../Drivers/STM32WBAxx_HAL_Driver/Inc/Legacy -I../Drivers/CMSIS/Device/ST/STM32WBAxx/Include -I../Drivers/CMSIS/Include -O0 -ffunction-sections -fdata-sections -Wall -fstack-usage -fcyclomatic-complexity -MMD -MP -MF"Core/Src/main.d" -MT"Core/Src/main.o" --specs=nano.specs -mfpu=fpv5-sp-d16 -mfloat-abi=hard -mthumb -o "Core/Src/main.o"
arm-none-eabi-gcc -o "labx3_4.elf" @"objects.list"   -mcpu=cortex-m33 -T"C:\Users\barte\Desktop\lab3\labx3_4\STM32WBA52CGUX_FLASH.ld" --specs=nosys.specs -Wl,-Map="labx3_4.map" -Wl,--gc-sections -static --specs=nano.specs -mfpu=fpv5-sp-d16 -mfloat-abi=hard -mthumb -Wl,--start-group -lc -lm -Wl,--end-group
Finished building target: labx3_4.elf
 
arm-none-eabi-size  labx3_4.elf 
arm-none-eabi-objdump -h -S labx3_4.elf  > "labx3_4.list"
   text	   data	    bss	    dec	    hex	filename
  10592	     12	   1644	  12248	   2fd8	labx3_4.elf
Finished building: default.size.stdout
 
Finished building: labx3_4.list
 
20:05:25 **** Incremental Build of configuration Debug for project labx3_4 ****
make -j28 all 
arm-none-eabi-gcc "../Core/Src/main.c" -mcpu=cortex-m33 -std=gnu11 -g3 -DDEBUG -DUSE_HAL_DRIVER -DSTM32WBA52xx -c -I../Core/Inc -I../Drivers/STM32WBAxx_HAL_Driver/Inc -I../Drivers/STM32WBAxx_HAL_Driver/Inc/Legacy -I../Drivers/CMSIS/Device/ST/STM32WBAxx/Include -I../Drivers/CMSIS/Include -O0 -ffunction-sections -fdata-sections -Wall -fstack-usage -fcyclomatic-complexity -MMD -MP -MF"Core/Src/main.d" -MT"Core/Src/main.o" --specs=nano.specs -mfpu=fpv5-sp-d16 -mfloat-abi=hard -mthumb -o "Core/Src/main.o"
arm-none-eabi-gcc -o "labx3_4.elf" @"objects.list"   -mcpu=cortex-m33 -T"C:\Users\barte\Desktop\lab3\labx3_4\STM32WBA52CGUX_FLASH.ld" --specs=nosys.specs -Wl,-Map="labx3_4.map" -Wl,--gc-sections -static --specs=nano.specs -mfpu=fpv5-sp-d16 -mfloat-abi=hard -mthumb -Wl,--start-group -lc -lm -Wl,--end-group
Finished building target: labx3_4.elf
 
arm-none-eabi-size  labx3_4.elf 
arm-none-eabi-objdump -h -S labx3_4.elf  > "labx3_4.list"
   text	   data	    bss	    dec	    hex	filename
  10592	     12	   1644	  12248	   2fd8	labx3_4.elf
Finished building: default.size.stdout
 
Finished building: labx3_4.list
 
20:06:28 **** Incremental Build of configuration Debug for project labx3_4 ****
make -j28 all 
arm-none-eabi-gcc "../Core/Src/stm32wbaxx_hal_msp.c" -mcpu=cortex-m33 -std=gnu11 -g3 -DDEBUG -DUSE_HAL_DRIVER -DSTM32WBA52xx -c -I../Core/Inc -I../Drivers/STM32WBAxx_HAL_Driver/Inc -I../Drivers/STM32WBAxx_HAL_Driver/Inc/Legacy -I../Drivers/CMSIS/Device/ST/STM32WBAxx/Include -I../Drivers/CMSIS/Include -O0 -ffunction-sections -fdata-sections -Wall -fstack-usage -fcyclomatic-complexity -MMD -MP -MF"Core/Src/stm32wbaxx_hal_msp.d" -MT"Core/Src/stm32wbaxx_hal_msp.o" --specs=nano.specs -mfpu=fpv5-sp-d16 -mfloat-abi=hard -mthumb -o "Core/Src/stm32wbaxx_hal_msp.o"
arm-none-eabi-gcc "../Core/Src/stm32wbaxx_it.c" -mcpu=cortex-m33 -std=gnu11 -g3 -DDEBUG -DUSE_HAL_DRIVER -DSTM32WBA52xx -c -I../Core/Inc -I../Drivers/STM32WBAxx_HAL_Driver/Inc -I../Drivers/STM32WBAxx_HAL_Driver/Inc/Legacy -I../Drivers/CMSIS/Device/ST/STM32WBAxx/Include -I../Drivers/CMSIS/Include -O0 -ffunction-sections -fdata-sections -Wall -fstack-usage -fcyclomatic-complexity -MMD -MP -MF"Core/Src/stm32wbaxx_it.d" -MT"Core/Src/stm32wbaxx_it.o" --specs=nano.specs -mfpu=fpv5-sp-d16 -mfloat-abi=hard -mthumb -o "Core/Src/stm32wbaxx_it.o"
arm-none-eabi-gcc -o "labx3_4.elf" @"objects.list"   -mcpu=cortex-m33 -T"C:\Users\barte\Desktop\lab3\labx3_4\STM32WBA52CGUX_FLASH.ld" --specs=nosys.specs -Wl,-Map="labx3_4.map" -Wl,--gc-sections -static --specs=nano.specs -mfpu=fpv5-sp-d16 -mfloat-abi=hard -mthumb -Wl,--start-group -lc -lm -Wl,--end-group
Finished building target: labx3_4.elf
 
arm-none-eabi-size  labx3_4.elf 
arm-none-eabi-objdump -h -S labx3_4.elf  > "labx3_4.list"
   text	   data	    bss	    dec	    hex	filename
  11676	     12	   1644	  13332	   3414	labx3_4.elf
Finished building: default.size.stdout
 
Finished building: labx3_4.list
 
20:07:27 **** Incremental Build of configuration Debug for project labx3_4 ****
make -j28 all 
arm-none-eabi-gcc "../Core/Src/main.c" -mcpu=cortex-m33 -std=gnu11 -g3 -DDEBUG -DUSE_HAL_DRIVER -DSTM32WBA52xx -c -I../Core/Inc -I../Drivers/STM32WBAxx_HAL_Driver/Inc -I../Drivers/STM32WBAxx_HAL_Driver/Inc/Legacy -I../Drivers/CMSIS/Device/ST/STM32WBAxx/Include -I../Drivers/CMSIS/Include -O0 -ffunction-sections -fdata-sections -Wall -fstack-usage -fcyclomatic-complexity -MMD -MP -MF"Core/Src/main.d" -MT"Core/Src/main.o" --specs=nano.specs -mfpu=fpv5-sp-d16 -mfloat-abi=hard -mthumb -o "Core/Src/main.o"
arm-none-eabi-gcc -o "labx3_4.elf" @"objects.list"   -mcpu=cortex-m33 -T"C:\Users\barte\Desktop\lab3\labx3_4\STM32WBA52CGUX_FLASH.ld" --specs=nosys.specs -Wl,-Map="labx3_4.map" -Wl,--gc-sections -static --specs=nano.specs -mfpu=fpv5-sp-d16 -mfloat-abi=hard -mthumb -Wl,--start-group -lc -lm -Wl,--end-group
Finished building target: labx3_4.elf
 
arm-none-eabi-size  labx3_4.elf 
arm-none-eabi-objdump -h -S labx3_4.elf  > "labx3_4.list"
   text	   data	    bss	    dec	    hex	filename
  11852	     12	   1644	  13508	   34c4	labx3_4.elf
Finished building: default.size.stdout
 
Finished building: labx3_4.list
 
20:07:42 **** Incremental Build of configuration Debug for project labx3_4 ****
make -j28 all 
arm-none-eabi-size  labx3_4.elf 
   text	   data	    bss	    dec	    hex	filename
  11852	     12	   1644	  13508	   34c4	labx3_4.elf
Finished building: default.size.stdout
 
20:09:42 **** Incremental Build of configuration Debug for project labx3_4 ****
make -j28 all 
arm-none-eabi-gcc "../Core/Src/main.c" -mcpu=cortex-m33 -std=gnu11 -g3 -DDEBUG -DUSE_HAL_DRIVER -DSTM32WBA52xx -c -I../Core/Inc -I../Drivers/STM32WBAxx_HAL_Driver/Inc -I../Drivers/STM32WBAxx_HAL_Driver/Inc/Legacy -I../Drivers/CMSIS/Device/ST/STM32WBAxx/Include -I../Drivers/CMSIS/Include -O0 -ffunction-sections -fdata-sections -Wall -fstack-usage -fcyclomatic-complexity -MMD -MP -MF"Core/Src/main.d" -MT"Core/Src/main.o" --specs=nano.specs -mfpu=fpv5-sp-d16 -mfloat-abi=hard -mthumb -o "Core/Src/main.o"
arm-none-eabi-gcc -o "labx3_4.elf" @"objects.list"   -mcpu=cortex-m33 -T"C:\Users\barte\Desktop\lab3\labx3_4\STM32WBA52CGUX_FLASH.ld" --specs=nosys.specs -Wl,-Map="labx3_4.map" -Wl,--gc-sections -static --specs=nano.specs -mfpu=fpv5-sp-d16 -mfloat-abi=hard -mthumb -Wl,--start-group -lc -lm -Wl,--end-group
Finished building target: labx3_4.elf
 
arm-none-eabi-size  labx3_4.elf 
arm-none-eabi-objdump -h -S labx3_4.elf  > "labx3_4.list"
   text	   data	    bss	    dec	    hex	filename
  11852	     12	   1644	  13508	   34c4	labx3_4.elf
Finished building: default.size.stdout
 
Finished building: labx3_4.list
 
20:11:59 **** Incremental Build of configuration Debug for project labx3_4 ****
make -j28 all 
arm-none-eabi-gcc "../Core/Src/main.c" -mcpu=cortex-m33 -std=gnu11 -g3 -DDEBUG -DUSE_HAL_DRIVER -DSTM32WBA52xx -c -I../Core/Inc -I../Drivers/STM32WBAxx_HAL_Driver/Inc -I../Drivers/STM32WBAxx_HAL_Driver/Inc/Legacy -I../Drivers/CMSIS/Device/ST/STM32WBAxx/Include -I../Drivers/CMSIS/Include -O0 -ffunction-sections -fdata-sections -Wall -fstack-usage -fcyclomatic-complexity -MMD -MP -MF"Core/Src/main.d" -MT"Core/Src/main.o" --specs=nano.specs -mfpu=fpv5-sp-d16 -mfloat-abi=hard -mthumb -o "Core/Src/main.o"
arm-none-eabi-gcc "../Core/Src/stm32wbaxx_hal_msp.c" -mcpu=cortex-m33 -std=gnu11 -g3 -DDEBUG -DUSE_HAL_DRIVER -DSTM32WBA52xx -c -I../Core/Inc -I../Drivers/STM32WBAxx_HAL_Driver/Inc -I../Drivers/STM32WBAxx_HAL_Driver/Inc/Legacy -I../Drivers/CMSIS/Device/ST/STM32WBAxx/Include -I../Drivers/CMSIS/Include -O0 -ffunction-sections -fdata-sections -Wall -fstack-usage -fcyclomatic-complexity -MMD -MP -MF"Core/Src/stm32wbaxx_hal_msp.d" -MT"Core/Src/stm32wbaxx_hal_msp.o" --specs=nano.specs -mfpu=fpv5-sp-d16 -mfloat-abi=hard -mthumb -o "Core/Src/stm32wbaxx_hal_msp.o"
arm-none-eabi-gcc "../Core/Src/stm32wbaxx_it.c" -mcpu=cortex-m33 -std=gnu11 -g3 -DDEBUG -DUSE_HAL_DRIVER -DSTM32WBA52xx -c -I../Core/Inc -I../Drivers/STM32WBAxx_HAL_Driver/Inc -I../Drivers/STM32WBAxx_HAL_Driver/Inc/Legacy -I../Drivers/CMSIS/Device/ST/STM32WBAxx/Include -I../Drivers/CMSIS/Include -O0 -ffunction-sections -fdata-sections -Wall -fstack-usage -fcyclomatic-complexity -MMD -MP -MF"Core/Src/stm32wbaxx_it.d" -MT"Core/Src/stm32wbaxx_it.o" --specs=nano.specs -mfpu=fpv5-sp-d16 -mfloat-abi=hard -mthumb -o "Core/Src/stm32wbaxx_it.o"
../Core/Src/main.c: In function 'HAL_TIM_OC_DelayElapsedCallback':
../Core/Src/main.c:78:34: error: 'LD1_Pin' undeclared (first use in this function); did you mean 'LD3_Pin'?
   78 |         HAL_GPIO_WritePin(GPIOB, LD1_Pin, GPIO_PIN_RESET);
      |                                  ^~~~~~~
      |                                  LD3_Pin
../Core/Src/main.c:78:34: note: each undeclared identifier is reported only once for each function it appears in
../Core/Src/main.c: At top level:
../Core/Src/main.c:82:6: error: redefinition of 'HAL_TIM_OC_DelayElapsedCallback'
   82 | void HAL_TIM_OC_DelayElapsedCallback(TIM_HandleTypeDef *htim)
      |      ^~~~~~~~~~~~~~~~~~~~~~~~~~~~~~~
../Core/Src/main.c:73:6: note: previous definition of 'HAL_TIM_OC_DelayElapsedCallback' with type 'void(TIM_HandleTypeDef *)'
   73 | void HAL_TIM_OC_DelayElapsedCallback(TIM_HandleTypeDef *htim)
      |      ^~~~~~~~~~~~~~~~~~~~~~~~~~~~~~~
../Core/Src/main.c: In function 'HAL_TIM_OC_DelayElapsedCallback':
../Core/Src/main.c:86:34: error: 'LD1_Pin' undeclared (first use in this function); did you mean 'LD3_Pin'?
   86 |         HAL_GPIO_WritePin(GPIOB, LD1_Pin, GPIO_PIN_SET);
      |                                  ^~~~~~~
      |                                  LD3_Pin
make: *** [Core/Src/subdir.mk:34: Core/Src/main.o] Error 1
make: *** Waiting for unfinished jobs....
"make -j28 all" terminated with exit code 2. Build might be incomplete.
20:12:39 **** Incremental Build of configuration Debug for project labx3_4 ****
make -j28 all 
arm-none-eabi-gcc "../Core/Src/main.c" -mcpu=cortex-m33 -std=gnu11 -g3 -DDEBUG -DUSE_HAL_DRIVER -DSTM32WBA52xx -c -I../Core/Inc -I../Drivers/STM32WBAxx_HAL_Driver/Inc -I../Drivers/STM32WBAxx_HAL_Driver/Inc/Legacy -I../Drivers/CMSIS/Device/ST/STM32WBAxx/Include -I../Drivers/CMSIS/Include -O0 -ffunction-sections -fdata-sections -Wall -fstack-usage -fcyclomatic-complexity -MMD -MP -MF"Core/Src/main.d" -MT"Core/Src/main.o" --specs=nano.specs -mfpu=fpv5-sp-d16 -mfloat-abi=hard -mthumb -o "Core/Src/main.o"
../Core/Src/main.c:82:6: error: redefinition of 'HAL_TIM_OC_DelayElapsedCallback'
   82 | void HAL_TIM_OC_DelayElapsedCallback(TIM_HandleTypeDef *htim)
      |      ^~~~~~~~~~~~~~~~~~~~~~~~~~~~~~~
../Core/Src/main.c:73:6: note: previous definition of 'HAL_TIM_OC_DelayElapsedCallback' with type 'void(TIM_HandleTypeDef *)'
   73 | void HAL_TIM_OC_DelayElapsedCallback(TIM_HandleTypeDef *htim)
      |      ^~~~~~~~~~~~~~~~~~~~~~~~~~~~~~~
make: *** [Core/Src/subdir.mk:34: Core/Src/main.o] Error 1
"make -j28 all" terminated with exit code 2. Build might be incomplete.
20:13:40 **** Incremental Build of configuration Debug for project labx3_4 ****
make -j28 all 
arm-none-eabi-gcc "../Core/Src/main.c" -mcpu=cortex-m33 -std=gnu11 -g3 -DDEBUG -DUSE_HAL_DRIVER -DSTM32WBA52xx -c -I../Core/Inc -I../Drivers/STM32WBAxx_HAL_Driver/Inc -I../Drivers/STM32WBAxx_HAL_Driver/Inc/Legacy -I../Drivers/CMSIS/Device/ST/STM32WBAxx/Include -I../Drivers/CMSIS/Include -O0 -ffunction-sections -fdata-sections -Wall -fstack-usage -fcyclomatic-complexity -MMD -MP -MF"Core/Src/main.d" -MT"Core/Src/main.o" --specs=nano.specs -mfpu=fpv5-sp-d16 -mfloat-abi=hard -mthumb -o "Core/Src/main.o"
arm-none-eabi-gcc -o "labx3_4.elf" @"objects.list"   -mcpu=cortex-m33 -T"C:\Users\barte\Desktop\lab3\labx3_4\STM32WBA52CGUX_FLASH.ld" --specs=nosys.specs -Wl,-Map="labx3_4.map" -Wl,--gc-sections -static --specs=nano.specs -mfpu=fpv5-sp-d16 -mfloat-abi=hard -mthumb -Wl,--start-group -lc -lm -Wl,--end-group
Finished building target: labx3_4.elf
 
arm-none-eabi-size  labx3_4.elf 
arm-none-eabi-objdump -h -S labx3_4.elf  > "labx3_4.list"
   text	   data	    bss	    dec	    hex	filename
  12016	     12	   1644	  13672	   3568	labx3_4.elf
Finished building: default.size.stdout
 
Finished building: labx3_4.list
 
20:15:04 **** Incremental Build of configuration Debug for project labx3_4 ****
make -j28 all 
arm-none-eabi-gcc "../Core/Src/main.c" -mcpu=cortex-m33 -std=gnu11 -g3 -DDEBUG -DUSE_HAL_DRIVER -DSTM32WBA52xx -c -I../Core/Inc -I../Drivers/STM32WBAxx_HAL_Driver/Inc -I../Drivers/STM32WBAxx_HAL_Driver/Inc/Legacy -I../Drivers/CMSIS/Device/ST/STM32WBAxx/Include -I../Drivers/CMSIS/Include -O0 -ffunction-sections -fdata-sections -Wall -fstack-usage -fcyclomatic-complexity -MMD -MP -MF"Core/Src/main.d" -MT"Core/Src/main.o" --specs=nano.specs -mfpu=fpv5-sp-d16 -mfloat-abi=hard -mthumb -o "Core/Src/main.o"
arm-none-eabi-gcc -o "labx3_4.elf" @"objects.list"   -mcpu=cortex-m33 -T"C:\Users\barte\Desktop\lab3\labx3_4\STM32WBA52CGUX_FLASH.ld" --specs=nosys.specs -Wl,-Map="labx3_4.map" -Wl,--gc-sections -static --specs=nano.specs -mfpu=fpv5-sp-d16 -mfloat-abi=hard -mthumb -Wl,--start-group -lc -lm -Wl,--end-group
Finished building target: labx3_4.elf
 
arm-none-eabi-size  labx3_4.elf 
arm-none-eabi-objdump -h -S labx3_4.elf  > "labx3_4.list"
   text	   data	    bss	    dec	    hex	filename
  12452	     12	   1644	  14108	   371c	labx3_4.elf
Finished building: default.size.stdout
 
Finished building: labx3_4.list
 
